# JRE version: OpenJDK Runtime Environment (8.0_242-b01) (build 1.8.0_242-release-1644-b01)
# Java VM: OpenJDK 64-Bit Server VM (25.242-b01 mixed mode windows-amd64 compressed oops)
Heap:
 PSYoungGen      total 342528K, used 74536K [0x00000000d5580000, 0x00000000ecf00000, 0x0000000100000000)
  eden space 307200K, 24% used [0x00000000d5580000,0x00000000d9e4a208,0x00000000e8180000)
  from space 35328K, 0% used [0x00000000e8180000,0x00000000e8180000,0x00000000ea400000)
  to   space 27648K, 0% used [0x00000000ea400000,0x00000000ea400000,0x00000000ebf00000)
 ParOldGen       total 247808K, used 108947K [0x0000000080000000, 0x000000008f200000, 0x00000000d5580000)
  object space 247808K, 43% used [0x0000000080000000,0x0000000086a64f30,0x000000008f200000)
 Metaspace       used 80350K, capacity 84550K, committed 85336K, reserved 1122304K
  class space    used 10886K, capacity 11657K, committed 11904K, reserved 1048576K
GC Heap History (10 events):
Event: 58.518 GC heap before
{Heap before GC invocations=19 (full 3):
 PSYoungGen      total 342528K, used 342527K [0x00000000d5580000, 0x00000000ecf00000, 0x0000000100000000)
  eden space 307200K, 100% used [0x00000000d5580000,0x00000000e8180000,0x00000000e8180000)
  from space 35328K, 99% used [0x00000000e8180000,0x00000000ea3ffc70,0x00000000ea400000)
  to   space 27648K, 0% used [0x00000000ea400000,0x00000000ea400000,0x00000000ebf00000)
 ParOldGen       total 132608K, used 69601K [0x0000000080000000, 0x0000000088180000, 0x00000000d5580000)
  object space 132608K, 52% used [0x0000000080000000,0x00000000843f84e0,0x0000000088180000)
 Metaspace       used 80153K, capacity 84722K, committed 85080K, reserved 1122304K
  class space    used 10967K, capacity 11789K, committed 11904K, reserved 1048576K
Event: 59.223 GC heap after
Heap after GC invocations=19 (full 3):
 PSYoungGen      total 334848K, used 27625K [0x00000000d5580000, 0x00000000ecf00000, 0x0000000100000000)
  eden space 307200K, 0% used [0x00000000d5580000,0x00000000d5580000,0x00000000e8180000)
  from space 27648K, 99% used [0x00000000ea400000,0x00000000ebefa678,0x00000000ebf00000)
  to   space 35328K, 0% used [0x00000000e8180000,0x00000000e8180000,0x00000000ea400000)
 ParOldGen       total 132608K, used 85393K [0x0000000080000000, 0x0000000088180000, 0x00000000d5580000)
  object space 132608K, 64% used [0x0000000080000000,0x0000000085364400,0x0000000088180000)
 Metaspace       used 80153K, capacity 84722K, committed 85080K, reserved 1122304K
  class space    used 10967K, capacity 11789K, committed 11904K, reserved 1048576K
}
Event: 61.968 GC heap before
{Heap before GC invocations=20 (full 3):
 PSYoungGen      total 334848K, used 334825K [0x00000000d5580000, 0x00000000ecf00000, 0x0000000100000000)
  eden space 307200K, 100% used [0x00000000d5580000,0x00000000e8180000,0x00000000e8180000)
  from space 27648K, 99% used [0x00000000ea400000,0x00000000ebefa678,0x00000000ebf00000)
  to   space 35328K, 0% used [0x00000000e8180000,0x00000000e8180000,0x00000000ea400000)
 ParOldGen       total 132608K, used 85393K [0x0000000080000000, 0x0000000088180000, 0x00000000d5580000)
  object space 132608K, 64% used [0x0000000080000000,0x0000000085364400,0x0000000088180000)
 Metaspace       used 80423K, capacity 84984K, committed 85336K, reserved 1122304K
  class space    used 10980K, capacity 11802K, committed 11904K, reserved 1048576K
Event: 62.064 GC heap after
Heap after GC invocations=20 (full 3):
 PSYoungGen      total 342528K, used 35301K [0x00000000d5580000, 0x00000000ecf00000, 0x0000000100000000)
  eden space 307200K, 0% used [0x00000000d5580000,0x00000000d5580000,0x00000000e8180000)
  from space 35328K, 99% used [0x00000000e8180000,0x00000000ea3f95d0,0x00000000ea400000)
  to   space 27648K, 0% used [0x00000000ea400000,0x00000000ea400000,0x00000000ebf00000)
 ParOldGen       total 132608K, used 91947K [0x0000000080000000, 0x0000000088180000, 0x00000000d5580000)
  object space 132608K, 69% used [0x0000000080000000,0x00000000859cae48,0x0000000088180000)
 Metaspace       used 80423K, capacity 84984K, committed 85336K, reserved 1122304K
  class space    used 10980K, capacity 11802K, committed 11904K, reserved 1048576K
}
Event: 64.583 GC heap before
{Heap before GC invocations=21 (full 3):
 PSYoungGen      total 342528K, used 342501K [0x00000000d5580000, 0x00000000ecf00000, 0x0000000100000000)
  eden space 307200K, 100% used [0x00000000d5580000,0x00000000e8180000,0x00000000e8180000)
  from space 35328K, 99% used [0x00000000e8180000,0x00000000ea3f95d0,0x00000000ea400000)
  to   space 27648K, 0% used [0x00000000ea400000,0x00000000ea400000,0x00000000ebf00000)
 ParOldGen       total 132608K, used 91947K [0x0000000080000000, 0x0000000088180000, 0x00000000d5580000)
  object space 132608K, 69% used [0x0000000080000000,0x00000000859cae48,0x0000000088180000)
 Metaspace       used 80483K, capacity 85086K, committed 85336K, reserved 1122304K
  class space    used 10986K, capacity 11835K, committed 11904K, reserved 1048576K
Event: 64.684 GC heap after
Heap after GC invocations=21 (full 3):
 PSYoungGen      total 334848K, used 27616K [0x00000000d5580000, 0x00000000ecf00000, 0x0000000100000000)
  eden space 307200K, 0% used [0x00000000d5580000,0x00000000d5580000,0x00000000e8180000)
  from space 27648K, 99% used [0x00000000ea400000,0x00000000ebef8248,0x00000000ebf00000)
  to   space 35328K, 0% used [0x00000000e8180000,0x00000000e8180000,0x00000000ea400000)
 ParOldGen       total 132608K, used 109218K [0x0000000080000000, 0x0000000088180000, 0x00000000d5580000)
  object space 132608K, 82% used [0x0000000080000000,0x0000000086aa8900,0x0000000088180000)
 Metaspace       used 80483K, capacity 85086K, committed 85336K, reserved 1122304K
  class space    used 10986K, capacity 11835K, committed 11904K, reserved 1048576K
}
Event: 66.835 GC heap before
{Heap before GC invocations=22 (full 3):
 PSYoungGen      total 334848K, used 334816K [0x00000000d5580000, 0x00000000ecf00000, 0x0000000100000000)
  eden space 307200K, 100% used [0x00000000d5580000,0x00000000e8180000,0x00000000e8180000)
  from space 27648K, 99% used [0x00000000ea400000,0x00000000ebef8248,0x00000000ebf00000)
  to   space 35328K, 0% used [0x00000000e8180000,0x00000000e8180000,0x00000000ea400000)
 ParOldGen       total 132608K, used 109218K [0x0000000080000000, 0x0000000088180000, 0x00000000d5580000)
  object space 132608K, 82% used [0x0000000080000000,0x0000000086aa8900,0x0000000088180000)
 Metaspace       used 80593K, capacity 85166K, committed 85336K, reserved 1122304K
  class space    used 10986K, capacity 11835K, committed 11904K, reserved 1048576K
Event: 66.909 GC heap after
Heap after GC invocations=22 (full 3):
 PSYoungGen      total 342528K, used 12245K [0x00000000d5580000, 0x00000000ecf00000, 0x0000000100000000)
  eden space 307200K, 0% used [0x00000000d5580000,0x00000000d5580000,0x00000000e8180000)
  from space 35328K, 34% used [0x00000000e8180000,0x00000000e8d75748,0x00000000ea400000)
  to   space 27648K, 0% used [0x00000000ea400000,0x00000000ea400000,0x00000000ebf00000)
 ParOldGen       total 132608K, used 124736K [0x0000000080000000, 0x0000000088180000, 0x00000000d5580000)
  object space 132608K, 94% used [0x0000000080000000,0x00000000879d0330,0x0000000088180000)
 Metaspace       used 80593K, capacity 85166K, committed 85336K, reserved 1122304K
  class space    used 10986K, capacity 11835K, committed 11904K, reserved 1048576K
}
Event: 66.910 GC heap before
{Heap before GC invocations=23 (full 4):
 PSYoungGen      total 342528K, used 12245K [0x00000000d5580000, 0x00000000ecf00000, 0x0000000100000000)
  eden space 307200K, 0% used [0x00000000d5580000,0x00000000d5580000,0x00000000e8180000)
  from space 35328K, 34% used [0x00000000e8180000,0x00000000e8d75748,0x00000000ea400000)
  to   space 27648K, 0% used [0x00000000ea400000,0x00000000ea400000,0x00000000ebf00000)
 ParOldGen       total 132608K, used 124736K [0x0000000080000000, 0x0000000088180000, 0x00000000d5580000)
  object space 132608K, 94% used [0x0000000080000000,0x00000000879d0330,0x0000000088180000)
 Metaspace       used 80593K, capacity 85166K, committed 85336K, reserved 1122304K
  class space    used 10986K, capacity 11835K, committed 11904K, reserved 1048576K
Event: 68.171 GC heap after
Heap after GC invocations=23 (full 4):
 PSYoungGen      total 342528K, used 0K [0x00000000d5580000, 0x00000000ecf00000, 0x0000000100000000)
  eden space 307200K, 0% used [0x00000000d5580000,0x00000000d5580000,0x00000000e8180000)
  from space 35328K, 0% used [0x00000000e8180000,0x00000000e8180000,0x00000000ea400000)
  to   space 27648K, 0% used [0x00000000ea400000,0x00000000ea400000,0x00000000ebf00000)
 ParOldGen       total 247808K, used 108947K [0x0000000080000000, 0x000000008f200000, 0x00000000d5580000)
  object space 247808K, 43% used [0x0000000080000000,0x0000000086a64f30,0x000000008f200000)
 Metaspace       used 80316K, capacity 84486K, committed 85336K, reserved 1122304K
  class space    used 10886K, capacity 11657K, committed 11904K, reserved 1048576K
}

