# JRE version: OpenJDK Runtime Environment (8.0_242-b01) (build 1.8.0_242-release-1644-b01)
# Java VM: OpenJDK 64-Bit Server VM (25.242-b01 mixed mode windows-amd64 compressed oops)
Heap:
 PSYoungGen      total 473600K, used 322515K [0x00000000d5580000, 0x00000000f9d80000, 0x0000000100000000)
  eden space 432128K, 65% used [0x00000000d5580000,0x00000000e6afa960,0x00000000efb80000)
  from space 41472K, 92% used [0x00000000efb80000,0x00000000f20fa300,0x00000000f2400000)
  to   space 46080K, 0% used [0x00000000f7080000,0x00000000f7080000,0x00000000f9d80000)
 ParOldGen       total 274944K, used 114645K [0x0000000080000000, 0x0000000090c80000, 0x00000000d5580000)
  object space 274944K, 41% used [0x0000000080000000,0x0000000086ff57c0,0x0000000090c80000)
 Metaspace       used 80438K, capacity 84776K, committed 85848K, reserved 1124352K
  class space    used 10887K, capacity 11668K, committed 11904K, reserved 1048576K
GC Heap History (10 events):
Event: 104.574 GC heap before
{Heap before GC invocations=29 (full 4):
 PSYoungGen      total 378368K, used 13388K [0x00000000d5580000, 0x00000000f1c00000, 0x0000000100000000)
  eden space 335872K, 0% used [0x00000000d5580000,0x00000000d5580000,0x00000000e9d80000)
  from space 42496K, 31% used [0x00000000e9d80000,0x00000000eaa932e0,0x00000000ec700000)
  to   space 40960K, 0% used [0x00000000ef400000,0x00000000ef400000,0x00000000f1c00000)
 ParOldGen       total 151552K, used 131891K [0x0000000080000000, 0x0000000089400000, 0x00000000d5580000)
  object space 151552K, 87% used [0x0000000080000000,0x00000000880ccf18,0x0000000089400000)
 Metaspace       used 80562K, capacity 85370K, committed 85592K, reserved 1122304K
  class space    used 10996K, capacity 11865K, committed 11904K, reserved 1048576K
Event: 107.362 GC heap after
Heap after GC invocations=29 (full 4):
 PSYoungGen      total 378368K, used 0K [0x00000000d5580000, 0x00000000f1c00000, 0x0000000100000000)
  eden space 335872K, 0% used [0x00000000d5580000,0x00000000d5580000,0x00000000e9d80000)
  from space 42496K, 0% used [0x00000000e9d80000,0x00000000e9d80000,0x00000000ec700000)
  to   space 40960K, 0% used [0x00000000ef400000,0x00000000ef400000,0x00000000f1c00000)
 ParOldGen       total 274944K, used 114637K [0x0000000080000000, 0x0000000090c80000, 0x00000000d5580000)
  object space 274944K, 41% used [0x0000000080000000,0x0000000086ff37c0,0x0000000090c80000)
 Metaspace       used 80237K, capacity 84530K, committed 85592K, reserved 1122304K
  class space    used 10882K, capacity 11663K, committed 11904K, reserved 1048576K
}
Event: 119.446 GC heap before
{Heap before GC invocations=30 (full 4):
 PSYoungGen      total 378368K, used 335872K [0x00000000d5580000, 0x00000000f1c00000, 0x0000000100000000)
  eden space 335872K, 100% used [0x00000000d5580000,0x00000000e9d80000,0x00000000e9d80000)
  from space 42496K, 0% used [0x00000000e9d80000,0x00000000e9d80000,0x00000000ec700000)
  to   space 40960K, 0% used [0x00000000ef400000,0x00000000ef400000,0x00000000f1c00000)
 ParOldGen       total 274944K, used 114637K [0x0000000080000000, 0x0000000090c80000, 0x00000000d5580000)
  object space 274944K, 41% used [0x0000000080000000,0x0000000086ff37c0,0x0000000090c80000)
 Metaspace       used 80315K, capacity 84550K, committed 85592K, reserved 1122304K
  class space    used 10883K, capacity 11665K, committed 11904K, reserved 1048576K
Event: 119.554 GC heap after
Heap after GC invocations=30 (full 4):
 PSYoungGen      total 412160K, used 16446K [0x00000000d5580000, 0x00000000f1480000, 0x0000000100000000)
  eden space 378880K, 0% used [0x00000000d5580000,0x00000000d5580000,0x00000000ec780000)
  from space 33280K, 49% used [0x00000000ef400000,0x00000000f040fb40,0x00000000f1480000)
  to   space 39424K, 0% used [0x00000000ec780000,0x00000000ec780000,0x00000000eee00000)
 ParOldGen       total 274944K, used 114637K [0x0000000080000000, 0x0000000090c80000, 0x00000000d5580000)
  object space 274944K, 41% used [0x0000000080000000,0x0000000086ff37c0,0x0000000090c80000)
 Metaspace       used 80315K, capacity 84550K, committed 85592K, reserved 1122304K
  class space    used 10883K, capacity 11665K, committed 11904K, reserved 1048576K
}
Event: 123.987 GC heap before
{Heap before GC invocations=31 (full 4):
 PSYoungGen      total 412160K, used 395326K [0x00000000d5580000, 0x00000000f1480000, 0x0000000100000000)
  eden space 378880K, 100% used [0x00000000d5580000,0x00000000ec780000,0x00000000ec780000)
  from space 33280K, 49% used [0x00000000ef400000,0x00000000f040fb40,0x00000000f1480000)
  to   space 39424K, 0% used [0x00000000ec780000,0x00000000ec780000,0x00000000eee00000)
 ParOldGen       total 274944K, used 114637K [0x0000000080000000, 0x0000000090c80000, 0x00000000d5580000)
  object space 274944K, 41% used [0x0000000080000000,0x0000000086ff37c0,0x0000000090c80000)
 Metaspace       used 80393K, capacity 84624K, committed 85592K, reserved 1122304K
  class space    used 10885K, capacity 11666K, committed 11904K, reserved 1048576K
Event: 124.235 GC heap after
Heap after GC invocations=31 (full 4):
 PSYoungGen      total 418304K, used 29120K [0x00000000d5580000, 0x00000000f4c80000, 0x0000000100000000)
  eden space 378880K, 0% used [0x00000000d5580000,0x00000000d5580000,0x00000000ec780000)
  from space 39424K, 73% used [0x00000000ec780000,0x00000000ee3f0168,0x00000000eee00000)
  to   space 41472K, 0% used [0x00000000f2400000,0x00000000f2400000,0x00000000f4c80000)
 ParOldGen       total 274944K, used 114645K [0x0000000080000000, 0x0000000090c80000, 0x00000000d5580000)
  object space 274944K, 41% used [0x0000000080000000,0x0000000086ff57c0,0x0000000090c80000)
 Metaspace       used 80393K, capacity 84624K, committed 85592K, reserved 1122304K
  class space    used 10885K, capacity 11666K, committed 11904K, reserved 1048576K
}
Event: 139.996 GC heap before
{Heap before GC invocations=32 (full 4):
 PSYoungGen      total 418304K, used 408000K [0x00000000d5580000, 0x00000000f4c80000, 0x0000000100000000)
  eden space 378880K, 100% used [0x00000000d5580000,0x00000000ec780000,0x00000000ec780000)
  from space 39424K, 73% used [0x00000000ec780000,0x00000000ee3f0168,0x00000000eee00000)
  to   space 41472K, 0% used [0x00000000f2400000,0x00000000f2400000,0x00000000f4c80000)
 ParOldGen       total 274944K, used 114645K [0x0000000080000000, 0x0000000090c80000, 0x00000000d5580000)
  object space 274944K, 41% used [0x0000000080000000,0x0000000086ff57c0,0x0000000090c80000)
 Metaspace       used 80409K, capacity 84698K, committed 85592K, reserved 1122304K
  class space    used 10886K, capacity 11667K, committed 11904K, reserved 1048576K
Event: 142.003 GC heap after
Heap after GC invocations=32 (full 4):
 PSYoungGen      total 473600K, used 25105K [0x00000000d5580000, 0x00000000f5900000, 0x0000000100000000)
  eden space 432128K, 0% used [0x00000000d5580000,0x00000000d5580000,0x00000000efb80000)
  from space 41472K, 60% used [0x00000000f2400000,0x00000000f3c84420,0x00000000f4c80000)
  to   space 41472K, 0% used [0x00000000efb80000,0x00000000efb80000,0x00000000f2400000)
 ParOldGen       total 274944K, used 114645K [0x0000000080000000, 0x0000000090c80000, 0x00000000d5580000)
  object space 274944K, 41% used [0x0000000080000000,0x0000000086ff57c0,0x0000000090c80000)
 Metaspace       used 80409K, capacity 84698K, committed 85592K, reserved 1122304K
  class space    used 10886K, capacity 11667K, committed 11904K, reserved 1048576K
}
Event: 151.572 GC heap before
{Heap before GC invocations=33 (full 4):
 PSYoungGen      total 473600K, used 457233K [0x00000000d5580000, 0x00000000f5900000, 0x0000000100000000)
  eden space 432128K, 100% used [0x00000000d5580000,0x00000000efb80000,0x00000000efb80000)
  from space 41472K, 60% used [0x00000000f2400000,0x00000000f3c84420,0x00000000f4c80000)
  to   space 41472K, 0% used [0x00000000efb80000,0x00000000efb80000,0x00000000f2400000)
 ParOldGen       total 274944K, used 114645K [0x0000000080000000, 0x0000000090c80000, 0x00000000d5580000)
  object space 274944K, 41% used [0x0000000080000000,0x0000000086ff57c0,0x0000000090c80000)
 Metaspace       used 80436K, capacity 84776K, committed 85848K, reserved 1124352K
  class space    used 10887K, capacity 11668K, committed 11904K, reserved 1048576K
Event: 152.040 GC heap after
Heap after GC invocations=33 (full 4):
 PSYoungGen      total 473600K, used 38376K [0x00000000d5580000, 0x00000000f9d80000, 0x0000000100000000)
  eden space 432128K, 0% used [0x00000000d5580000,0x00000000d5580000,0x00000000efb80000)
  from space 41472K, 92% used [0x00000000efb80000,0x00000000f20fa300,0x00000000f2400000)
  to   space 46080K, 0% used [0x00000000f7080000,0x00000000f7080000,0x00000000f9d80000)
 ParOldGen       total 274944K, used 114645K [0x0000000080000000, 0x0000000090c80000, 0x00000000d5580000)
  object space 274944K, 41% used [0x0000000080000000,0x0000000086ff57c0,0x0000000090c80000)
 Metaspace       used 80436K, capacity 84776K, committed 85848K, reserved 1124352K
  class space    used 10887K, capacity 11668K, committed 11904K, reserved 1048576K
}

